<?xml version="1.0" encoding="UTF-8"?>
<testng-results ignored="0" total="1" passed="1" failed="0" skipped="0">
  <reporter-output>
  </reporter-output>
  <suite started-at="2022-03-12T18:03:00 IST" name="Surefire suite" finished-at="2022-03-12T18:03:00 IST" duration-ms="72">
    <groups>
    </groups>
    <test started-at="2022-03-12T18:03:00 IST" name="Surefire test" finished-at="2022-03-12T18:03:00 IST" duration-ms="72">
      <class name="MavenDemo.AppTest">
        <test-method signature="shouldAnswerWithTrue()" started-at="2022-03-12T18:03:00 IST" name="shouldAnswerWithTrue" finished-at="2022-03-12T18:03:00 IST" duration-ms="7" status="PASS">
          <reporter-output>
          </reporter-output>
        </test-method> <!-- shouldAnswerWithTrue -->
      </class> <!-- MavenDemo.AppTest -->
    </test> <!-- Surefire test -->
  </suite> <!-- Surefire suite -->
</testng-results>
