<?xml version="1.0" encoding="UTF-8"?>
<testng-results ignored="0" total="1" passed="1" failed="0" skipped="0">
  <reporter-output>
  </reporter-output>
  <suite started-at="2022-03-12T18:01:50 IST" name="Default suite" finished-at="2022-03-12T18:01:57 IST" duration-ms="7069">
    <groups>
    </groups>
    <test started-at="2022-03-12T18:01:50 IST" name="Default test" finished-at="2022-03-12T18:01:57 IST" duration-ms="7069">
      <class name="MavenDemo.MavenFirstClass">
        <test-method is-config="true" signature="beforeTest()[pri:0, instance:MavenDemo.MavenFirstClass@16610890]" started-at="2022-03-12T18:01:50 IST" name="beforeTest" finished-at="2022-03-12T18:01:52 IST" duration-ms="2428" status="PASS">
          <reporter-output>
          </reporter-output>
        </test-method> <!-- beforeTest -->
        <test-method signature="launchSelenium()[pri:0, instance:MavenDemo.MavenFirstClass@16610890]" started-at="2022-03-12T18:01:52 IST" name="launchSelenium" finished-at="2022-03-12T18:01:57 IST" duration-ms="4563" status="PASS">
          <reporter-output>
          </reporter-output>
        </test-method> <!-- launchSelenium -->
        <test-method is-config="true" signature="afterTest()[pri:0, instance:MavenDemo.MavenFirstClass@16610890]" started-at="2022-03-12T18:01:57 IST" name="afterTest" finished-at="2022-03-12T18:01:57 IST" duration-ms="0" status="PASS">
          <reporter-output>
          </reporter-output>
        </test-method> <!-- afterTest -->
      </class> <!-- MavenDemo.MavenFirstClass -->
    </test> <!-- Default test -->
  </suite> <!-- Default suite -->
</testng-results>
